<?xml version="1.0" encoding="UTF-8"?>
<testng-results ignored="8" total="41" passed="30" failed="3" skipped="0">
  <reporter-output>
  </reporter-output>
  <suite started-at="2022-05-13T15:26:53 WEST" name="All Test Suite" finished-at="2022-05-13T15:31:14 WEST" duration-ms="260632">
    <groups>
    </groups>
    <test started-at="2022-05-13T15:26:53 WEST" name="All Test Cases" finished-at="2022-05-13T15:31:14 WEST" duration-ms="260632">
      <class name="com.AppMovies.testcases.MyProfilePageTest">
        <test-method is-config="true" signature="setup(java.lang.reflect.Method,java.lang.String)[pri:0, instance:com.AppMovies.testcases.MyProfilePageTest@bafc754]" started-at="2022-05-13T15:29:40 WEST" name="setup" finished-at="2022-05-13T15:29:42 WEST" duration-ms="2795" status="PASS">
          <params>
            <param index="0">
              <value>
                <![CDATA[public void com.AppMovies.testcases.MyProfilePageTest.cancelRemoveMovie()]]>
              </value>
            </param>
            <param index="1">
              <value>
                <![CDATA[Chrome]]>
              </value>
            </param>
          </params>
          <reporter-output>
          </reporter-output>
        </test-method> <!-- setup -->
        <test-method is-config="true" signature="login()[pri:0, instance:com.AppMovies.testcases.MyProfilePageTest@bafc754]" started-at="2022-05-13T15:29:42 WEST" name="login" finished-at="2022-05-13T15:29:44 WEST" duration-ms="1400" status="PASS">
          <reporter-output>
          </reporter-output>
        </test-method> <!-- login -->
        <test-method signature="cancelRemoveMovie()[pri:0, instance:com.AppMovies.testcases.MyProfilePageTest@bafc754]" started-at="2022-05-13T15:29:44 WEST" name="cancelRemoveMovie" finished-at="2022-05-13T15:29:46 WEST" duration-ms="2454" status="PASS">
          <reporter-output>
          </reporter-output>
        </test-method> <!-- cancelRemoveMovie -->
        <test-method is-config="true" signature="teardown()[pri:0, instance:com.AppMovies.testcases.MyProfilePageTest@bafc754]" started-at="2022-05-13T15:29:47 WEST" name="teardown" finished-at="2022-05-13T15:29:48 WEST" duration-ms="884" status="PASS">
          <reporter-output>
          </reporter-output>
        </test-method> <!-- teardown -->
        <test-method is-config="true" signature="setup(java.lang.reflect.Method,java.lang.String)[pri:0, instance:com.AppMovies.testcases.MyProfilePageTest@bafc754]" started-at="2022-05-13T15:29:48 WEST" name="setup" finished-at="2022-05-13T15:29:51 WEST" duration-ms="2865" status="PASS">
          <params>
            <param index="0">
              <value>
                <![CDATA[public void com.AppMovies.testcases.MyProfilePageTest.goToLoginPage()]]>
              </value>
            </param>
            <param index="1">
              <value>
                <![CDATA[Chrome]]>
              </value>
            </param>
          </params>
          <reporter-output>
          </reporter-output>
        </test-method> <!-- setup -->
        <test-method is-config="true" signature="login()[pri:0, instance:com.AppMovies.testcases.MyProfilePageTest@bafc754]" started-at="2022-05-13T15:29:51 WEST" name="login" finished-at="2022-05-13T15:29:52 WEST" duration-ms="1512" status="PASS">
          <reporter-output>
          </reporter-output>
        </test-method> <!-- login -->
        <test-method signature="goToLoginPage()[pri:0, instance:com.AppMovies.testcases.MyProfilePageTest@bafc754]" started-at="2022-05-13T15:29:52 WEST" name="goToLoginPage" finished-at="2022-05-13T15:29:53 WEST" duration-ms="436" status="PASS">
          <reporter-output>
          </reporter-output>
        </test-method> <!-- goToLoginPage -->
        <test-method is-config="true" signature="teardown()[pri:0, instance:com.AppMovies.testcases.MyProfilePageTest@bafc754]" started-at="2022-05-13T15:29:53 WEST" name="teardown" finished-at="2022-05-13T15:29:54 WEST" duration-ms="901" status="PASS">
          <reporter-output>
          </reporter-output>
        </test-method> <!-- teardown -->
        <test-method is-config="true" signature="setup(java.lang.reflect.Method,java.lang.String)[pri:0, instance:com.AppMovies.testcases.MyProfilePageTest@bafc754]" started-at="2022-05-13T15:29:54 WEST" name="setup" finished-at="2022-05-13T15:29:57 WEST" duration-ms="2871" status="PASS">
          <params>
            <param index="0">
              <value>
                <![CDATA[public void com.AppMovies.testcases.MyProfilePageTest.imageMovieIsDisplayed()]]>
              </value>
            </param>
            <param index="1">
              <value>
                <![CDATA[Chrome]]>
              </value>
            </param>
          </params>
          <reporter-output>
          </reporter-output>
        </test-method> <!-- setup -->
        <test-method is-config="true" signature="login()[pri:0, instance:com.AppMovies.testcases.MyProfilePageTest@bafc754]" started-at="2022-05-13T15:29:57 WEST" name="login" finished-at="2022-05-13T15:29:58 WEST" duration-ms="1412" status="PASS">
          <reporter-output>
          </reporter-output>
        </test-method> <!-- login -->
        <test-method signature="imageMovieIsDisplayed()[pri:0, instance:com.AppMovies.testcases.MyProfilePageTest@bafc754]" started-at="2022-05-13T15:29:58 WEST" name="imageMovieIsDisplayed" finished-at="2022-05-13T15:30:01 WEST" duration-ms="3186" status="PASS">
          <reporter-output>
          </reporter-output>
        </test-method> <!-- imageMovieIsDisplayed -->
        <test-method is-config="true" signature="teardown()[pri:0, instance:com.AppMovies.testcases.MyProfilePageTest@bafc754]" started-at="2022-05-13T15:30:02 WEST" name="teardown" finished-at="2022-05-13T15:30:02 WEST" duration-ms="843" status="PASS">
          <reporter-output>
          </reporter-output>
        </test-method> <!-- teardown -->
        <test-method is-config="true" signature="setup(java.lang.reflect.Method,java.lang.String)[pri:0, instance:com.AppMovies.testcases.MyProfilePageTest@bafc754]" started-at="2022-05-13T15:30:02 WEST" name="setup" finished-at="2022-05-13T15:30:05 WEST" duration-ms="2766" status="PASS">
          <params>
            <param index="0">
              <value>
                <![CDATA[public void com.AppMovies.testcases.MyProfilePageTest.isMovieCardDsiplayed()]]>
              </value>
            </param>
            <param index="1">
              <value>
                <![CDATA[Chrome]]>
              </value>
            </param>
          </params>
          <reporter-output>
          </reporter-output>
        </test-method> <!-- setup -->
        <test-method is-config="true" signature="login()[pri:0, instance:com.AppMovies.testcases.MyProfilePageTest@bafc754]" started-at="2022-05-13T15:30:05 WEST" name="login" finished-at="2022-05-13T15:30:07 WEST" duration-ms="1303" status="PASS">
          <reporter-output>
          </reporter-output>
        </test-method> <!-- login -->
        <test-method signature="isMovieCardDsiplayed()[pri:0, instance:com.AppMovies.testcases.MyProfilePageTest@bafc754]" started-at="2022-05-13T15:30:07 WEST" name="isMovieCardDsiplayed" finished-at="2022-05-13T15:30:10 WEST" duration-ms="3184" status="PASS">
          <reporter-output>
          </reporter-output>
        </test-method> <!-- isMovieCardDsiplayed -->
        <test-method is-config="true" signature="teardown()[pri:0, instance:com.AppMovies.testcases.MyProfilePageTest@bafc754]" started-at="2022-05-13T15:30:10 WEST" name="teardown" finished-at="2022-05-13T15:30:11 WEST" duration-ms="853" status="PASS">
          <reporter-output>
          </reporter-output>
        </test-method> <!-- teardown -->
        <test-method is-config="true" signature="setup(java.lang.reflect.Method,java.lang.String)[pri:0, instance:com.AppMovies.testcases.MyProfilePageTest@bafc754]" started-at="2022-05-13T15:30:11 WEST" name="setup" finished-at="2022-05-13T15:30:14 WEST" duration-ms="2885" status="PASS">
          <params>
            <param index="0">
              <value>
                <![CDATA[public void com.AppMovies.testcases.MyProfilePageTest.pageProfileDisplayed() throws java.lang.Exception]]>
              </value>
            </param>
            <param index="1">
              <value>
                <![CDATA[Chrome]]>
              </value>
            </param>
          </params>
          <reporter-output>
          </reporter-output>
        </test-method> <!-- setup -->
        <test-method is-config="true" signature="login()[pri:0, instance:com.AppMovies.testcases.MyProfilePageTest@bafc754]" started-at="2022-05-13T15:30:14 WEST" name="login" finished-at="2022-05-13T15:30:15 WEST" duration-ms="1346" status="PASS">
          <reporter-output>
          </reporter-output>
        </test-method> <!-- login -->
        <test-method signature="pageProfileDisplayed()[pri:0, instance:com.AppMovies.testcases.MyProfilePageTest@bafc754]" started-at="2022-05-13T15:30:15 WEST" name="pageProfileDisplayed" finished-at="2022-05-13T15:30:15 WEST" duration-ms="273" status="PASS">
          <reporter-output>
          </reporter-output>
        </test-method> <!-- pageProfileDisplayed -->
        <test-method is-config="true" signature="teardown()[pri:0, instance:com.AppMovies.testcases.MyProfilePageTest@bafc754]" started-at="2022-05-13T15:30:16 WEST" name="teardown" finished-at="2022-05-13T15:30:17 WEST" duration-ms="791" status="PASS">
          <reporter-output>
          </reporter-output>
        </test-method> <!-- teardown -->
        <test-method is-config="true" signature="setup(java.lang.reflect.Method,java.lang.String)[pri:0, instance:com.AppMovies.testcases.MyProfilePageTest@bafc754]" started-at="2022-05-13T15:30:17 WEST" name="setup" finished-at="2022-05-13T15:30:19 WEST" duration-ms="2817" status="PASS">
          <params>
            <param index="0">
              <value>
                <![CDATA[public void com.AppMovies.testcases.MyProfilePageTest.removeMovieSuccess()]]>
              </value>
            </param>
            <param index="1">
              <value>
                <![CDATA[Chrome]]>
              </value>
            </param>
          </params>
          <reporter-output>
          </reporter-output>
        </test-method> <!-- setup -->
        <test-method is-config="true" signature="login()[pri:0, instance:com.AppMovies.testcases.MyProfilePageTest@bafc754]" started-at="2022-05-13T15:30:19 WEST" name="login" finished-at="2022-05-13T15:30:21 WEST" duration-ms="1409" status="PASS">
          <reporter-output>
          </reporter-output>
        </test-method> <!-- login -->
        <test-method signature="removeMovieSuccess()[pri:0, instance:com.AppMovies.testcases.MyProfilePageTest@bafc754]" started-at="2022-05-13T15:30:21 WEST" name="removeMovieSuccess" finished-at="2022-05-13T15:30:32 WEST" duration-ms="11164" status="FAIL">
          <exception class="org.openqa.selenium.json.JsonException">
            <message>
              <![CDATA[java.lang.reflect.InvocationTargetException
Build info: version: '3.141.59', revision: 'e82be7d358', time: '2018-11-14T08:17:03'
System info: host: 'RAB66FVSG3', ip: '192.168.1.116', os.name: 'Windows 10', os.arch: 'amd64', os.version: '10.0', java.version: '11.0.13'
Driver info: driver.version: RemoteWebDriver]]>
            </message>
            <full-stacktrace>
              <![CDATA[org.openqa.selenium.json.JsonException: java.lang.reflect.InvocationTargetException
Build info: version: '3.141.59', revision: 'e82be7d358', time: '2018-11-14T08:17:03'
System info: host: 'RAB66FVSG3', ip: '192.168.1.116', os.name: 'Windows 10', os.arch: 'amd64', os.version: '10.0', java.version: '11.0.13'
Driver info: driver.version: RemoteWebDriver
at org.openqa.selenium.json.JsonOutput.convertUsingMethod(JsonOutput.java:332)
at org.openqa.selenium.json.JsonOutput.lambda$new$16(JsonOutput.java:155)
at org.openqa.selenium.json.JsonOutput.write(JsonOutput.java:264)
at org.openqa.selenium.json.JsonOutput.lambda$null$21(JsonOutput.java:168)
at java.base/java.util.LinkedHashMap$LinkedValues.forEach(LinkedHashMap.java:608)
at org.openqa.selenium.json.JsonOutput.lambda$new$22(JsonOutput.java:168)
at org.openqa.selenium.json.JsonOutput.write(JsonOutput.java:264)
at org.openqa.selenium.json.JsonOutput.lambda$null$23(JsonOutput.java:177)
at com.google.common.collect.SingletonImmutableBiMap.forEach(SingletonImmutableBiMap.java:65)
at org.openqa.selenium.json.JsonOutput.lambda$new$24(JsonOutput.java:176)
at org.openqa.selenium.json.JsonOutput.write(JsonOutput.java:264)
at org.openqa.selenium.json.JsonOutput.write(JsonOutput.java:255)
at org.openqa.selenium.json.Json.toJson(Json.java:42)
at org.openqa.selenium.remote.http.AbstractHttpCommandCodec.encode(AbstractHttpCommandCodec.java:227)
at org.openqa.selenium.remote.http.AbstractHttpCommandCodec.encode(AbstractHttpCommandCodec.java:117)
at org.openqa.selenium.remote.HttpCommandExecutor.execute(HttpCommandExecutor.java:152)
at org.openqa.selenium.remote.service.DriverCommandExecutor.execute(DriverCommandExecutor.java:83)
at org.openqa.selenium.remote.RemoteWebDriver.execute(RemoteWebDriver.java:552)
at org.openqa.selenium.remote.RemoteWebDriver.perform(RemoteWebDriver.java:618)
at org.openqa.selenium.interactions.Actions$BuiltAction.perform(Actions.java:639)
at com.AppMovies.actiondriver.Action.click(Action.java:27)
at com.AppMovies.pageobjects.MyProfilePage.removeMovieFromMyProfile(MyProfilePage.java:90)
at com.AppMovies.testcases.MyProfilePageTest.removeMovieSuccess(MyProfilePageTest.java:60)
at java.base/jdk.internal.reflect.NativeMethodAccessorImpl.invoke0(Native Method)
at java.base/jdk.internal.reflect.NativeMethodAccessorImpl.invoke(NativeMethodAccessorImpl.java:62)
at java.base/jdk.internal.reflect.DelegatingMethodAccessorImpl.invoke(DelegatingMethodAccessorImpl.java:43)
at java.base/java.lang.reflect.Method.invoke(Method.java:566)
at org.testng.internal.invokers.MethodInvocationHelper.invokeMethod(MethodInvocationHelper.java:135)
at org.testng.internal.invokers.TestInvoker.invokeMethod(TestInvoker.java:673)
at org.testng.internal.invokers.TestInvoker.invokeTestMethod(TestInvoker.java:220)
at org.testng.internal.invokers.MethodRunner.runInSequence(MethodRunner.java:50)
at org.testng.internal.invokers.TestInvoker$MethodInvocationAgent.invoke(TestInvoker.java:945)
at org.testng.internal.invokers.TestInvoker.invokeTestMethods(TestInvoker.java:193)
at org.testng.internal.invokers.TestMethodWorker.invokeTestMethods(TestMethodWorker.java:146)
at org.testng.internal.invokers.TestMethodWorker.run(TestMethodWorker.java:128)
at java.base/java.util.ArrayList.forEach(ArrayList.java:1541)
at org.testng.TestRunner.privateRun(TestRunner.java:808)
at org.testng.TestRunner.run(TestRunner.java:603)
at org.testng.SuiteRunner.runTest(SuiteRunner.java:429)
at org.testng.SuiteRunner.runSequentially(SuiteRunner.java:423)
at org.testng.SuiteRunner.privateRun(SuiteRunner.java:383)
at org.testng.SuiteRunner.run(SuiteRunner.java:326)
at org.testng.SuiteRunnerWorker.runSuite(SuiteRunnerWorker.java:52)
at org.testng.SuiteRunnerWorker.run(SuiteRunnerWorker.java:95)
at org.testng.TestNG.runSuitesSequentially(TestNG.java:1249)
at org.testng.TestNG.runSuitesLocally(TestNG.java:1169)
at org.testng.TestNG.runSuites(TestNG.java:1092)
at org.testng.TestNG.run(TestNG.java:1060)
at org.apache.maven.surefire.testng.TestNGExecutor.run(TestNGExecutor.java:283)
at org.apache.maven.surefire.testng.TestNGXmlTestSuite.execute(TestNGXmlTestSuite.java:75)
at org.apache.maven.surefire.testng.TestNGProvider.invoke(TestNGProvider.java:120)
at org.apache.maven.surefire.booter.ForkedBooter.runSuitesInProcess(ForkedBooter.java:377)
at org.apache.maven.surefire.booter.ForkedBooter.execute(ForkedBooter.java:138)
at org.apache.maven.surefire.booter.ForkedBooter.run(ForkedBooter.java:465)
at org.apache.maven.surefire.booter.ForkedBooter.main(ForkedBooter.java:451)
Suppressed: org.openqa.selenium.json.JsonException: Attempting to close incomplete json stream
Build info: version: '3.141.59', revision: 'e82be7d358', time: '2018-11-14T08:17:03'
System info: host: 'RAB66FVSG3', ip: '192.168.1.116', os.name: 'Windows 10', os.arch: 'amd64', os.version: '10.0', java.version: '11.0.13'
Driver info: driver.version: RemoteWebDriver
at org.openqa.selenium.json.JsonOutput.close(JsonOutput.java:279)
at org.openqa.selenium.json.Json.toJson(Json.java:44)
... 42 more
Caused by: java.lang.reflect.InvocationTargetException
at jdk.internal.reflect.GeneratedMethodAccessor4.invoke(Unknown Source)
at java.base/jdk.internal.reflect.DelegatingMethodAccessorImpl.invoke(DelegatingMethodAccessorImpl.java:43)
at java.base/java.lang.reflect.Method.invoke(Method.java:566)
at org.openqa.selenium.json.JsonOutput.convertUsingMethod(JsonOutput.java:328)
... 54 more
Caused by: org.openqa.selenium.NoSuchElementException: no such element: Unable to locate element: {"method":"css selector","selector":".swal2\-confirm"}
  (Session info: chrome=101.0.4951.54)
For documentation on this error, please visit: https://www.seleniumhq.org/exceptions/no_such_element.html
Build info: version: '3.141.59', revision: 'e82be7d358', time: '2018-11-14T08:17:03'
System info: host: 'RAB66FVSG3', ip: '192.168.1.116', os.name: 'Windows 10', os.arch: 'amd64', os.version: '10.0', java.version: '11.0.13'
Driver info: org.openqa.selenium.chrome.ChromeDriver
Capabilities {acceptInsecureCerts: false, browserName: chrome, browserVersion: 101.0.4951.54, chrome: {chromedriverVersion: 101.0.4951.41 (93c720db8323..., userDataDir: C:\Users\MRHARN~1\AppData\L...}, goog:chromeOptions: {debuggerAddress: localhost:58958}, javascriptEnabled: true, networkConnectionEnabled: false, pageLoadStrategy: normal, platform: WINDOWS, platformName: WINDOWS, proxy: Proxy(), setWindowRect: true, strictFileInteractability: false, timeouts: {implicit: 0, pageLoad: 300000, script: 30000}, unhandledPromptBehavior: dismiss and notify, webauthn:extension:credBlob: true, webauthn:extension:largeBlob: true, webauthn:virtualAuthenticators: true}
Session ID: 1786d10be3bf7a60c3d2c5f5fdb89475
*** Element info: {Using=class name, value=swal2-confirm}
at java.base/jdk.internal.reflect.NativeConstructorAccessorImpl.newInstance0(Native Method)
at java.base/jdk.internal.reflect.NativeConstructorAccessorImpl.newInstance(NativeConstructorAccessorImpl.java:62)
at java.base/jdk.internal.reflect.DelegatingConstructorAccessorImpl.newInstance(DelegatingConstructorAccessorImpl.java:45)
at java.base/java.lang.reflect.Constructor.newInstance(Constructor.java:490)
at org.openqa.selenium.remote.http.W3CHttpResponseCodec.createException(W3CHttpResponseCodec.java:187)
at org.openqa.selenium.remote.http.W3CHttpResponseCodec.decode(W3CHttpResponseCodec.java:122)
at org.openqa.selenium.remote.http.W3CHttpResponseCodec.decode(W3CHttpResponseCodec.java:49)
at org.openqa.selenium.remote.HttpCommandExecutor.execute(HttpCommandExecutor.java:158)
at org.openqa.selenium.remote.service.DriverCommandExecutor.execute(DriverCommandExecutor.java:83)
at org.openqa.selenium.remote.RemoteWebDriver.execute(RemoteWebDriver.java:552)
at org.openqa.selenium.remote.RemoteWebDriver.findElement(RemoteWebDriver.java:323)
at org.openqa.selenium.remote.RemoteWebDriver.findElementByClassName(RemoteWebDriver.java:412)
at org.openqa.selenium.By$ByClassName.findElement(By.java:389)
at org.openqa.selenium.remote.RemoteWebDriver.findElement(RemoteWebDriver.java:315)
at org.openqa.selenium.support.pagefactory.DefaultElementLocator.findElement(DefaultElementLocator.java:69)
at org.openqa.selenium.support.pagefactory.internal.LocatingElementHandler.invoke(LocatingElementHandler.java:38)
at com.sun.proxy.$Proxy12.getWrappedElement(Unknown Source)
at org.openqa.selenium.interactions.PointerInput$Origin.asArg(PointerInput.java:204)
at org.openqa.selenium.interactions.PointerInput$Move.encode(PointerInput.java:155)
at org.openqa.selenium.interactions.Sequence.encode(Sequence.java:75)
at org.openqa.selenium.interactions.Sequence.toJson(Sequence.java:84)
... 58 more
]]>
            </full-stacktrace>
          </exception> <!-- org.openqa.selenium.json.JsonException -->
          <reporter-output>
          </reporter-output>
        </test-method> <!-- removeMovieSuccess -->
        <test-method is-config="true" signature="teardown()[pri:0, instance:com.AppMovies.testcases.MyProfilePageTest@bafc754]" started-at="2022-05-13T15:30:32 WEST" name="teardown" finished-at="2022-05-13T15:30:33 WEST" duration-ms="877" status="PASS">
          <reporter-output>
          </reporter-output>
        </test-method> <!-- teardown -->
        <test-method is-config="true" signature="setup(java.lang.reflect.Method,java.lang.String)[pri:0, instance:com.AppMovies.testcases.MyProfilePageTest@bafc754]" started-at="2022-05-13T15:30:33 WEST" name="setup" finished-at="2022-05-13T15:30:36 WEST" duration-ms="2874" status="PASS">
          <params>
            <param index="0">
              <value>
                <![CDATA[public void com.AppMovies.testcases.MyProfilePageTest.startRatingIsDisplayed()]]>
              </value>
            </param>
            <param index="1">
              <value>
                <![CDATA[Chrome]]>
              </value>
            </param>
          </params>
          <reporter-output>
          </reporter-output>
        </test-method> <!-- setup -->
        <test-method is-config="true" signature="login()[pri:0, instance:com.AppMovies.testcases.MyProfilePageTest@bafc754]" started-at="2022-05-13T15:30:36 WEST" name="login" finished-at="2022-05-13T15:30:37 WEST" duration-ms="1371" status="PASS">
          <reporter-output>
          </reporter-output>
        </test-method> <!-- login -->
        <test-method signature="startRatingIsDisplayed()[pri:0, instance:com.AppMovies.testcases.MyProfilePageTest@bafc754]" started-at="2022-05-13T15:30:37 WEST" name="startRatingIsDisplayed" finished-at="2022-05-13T15:30:38 WEST" duration-ms="950" status="FAIL">
          <exception class="java.lang.AssertionError">
            <message>
              <![CDATA[expected [true] but found [false]]]>
            </message>
            <full-stacktrace>
              <![CDATA[java.lang.AssertionError: expected [true] but found [false]
at org.testng.Assert.fail(Assert.java:110)
at org.testng.Assert.failNotEquals(Assert.java:1413)
at org.testng.Assert.assertTrue(Assert.java:56)
at org.testng.Assert.assertTrue(Assert.java:66)
at com.AppMovies.testcases.MyProfilePageTest.startRatingIsDisplayed(MyProfilePageTest.java:124)
at java.base/jdk.internal.reflect.NativeMethodAccessorImpl.invoke0(Native Method)
at java.base/jdk.internal.reflect.NativeMethodAccessorImpl.invoke(NativeMethodAccessorImpl.java:62)
at java.base/jdk.internal.reflect.DelegatingMethodAccessorImpl.invoke(DelegatingMethodAccessorImpl.java:43)
at java.base/java.lang.reflect.Method.invoke(Method.java:566)
at org.testng.internal.invokers.MethodInvocationHelper.invokeMethod(MethodInvocationHelper.java:135)
at org.testng.internal.invokers.TestInvoker.invokeMethod(TestInvoker.java:673)
at org.testng.internal.invokers.TestInvoker.invokeTestMethod(TestInvoker.java:220)
at org.testng.internal.invokers.MethodRunner.runInSequence(MethodRunner.java:50)
at org.testng.internal.invokers.TestInvoker$MethodInvocationAgent.invoke(TestInvoker.java:945)
at org.testng.internal.invokers.TestInvoker.invokeTestMethods(TestInvoker.java:193)
at org.testng.internal.invokers.TestMethodWorker.invokeTestMethods(TestMethodWorker.java:146)
at org.testng.internal.invokers.TestMethodWorker.run(TestMethodWorker.java:128)
at java.base/java.util.ArrayList.forEach(ArrayList.java:1541)
at org.testng.TestRunner.privateRun(TestRunner.java:808)
at org.testng.TestRunner.run(TestRunner.java:603)
at org.testng.SuiteRunner.runTest(SuiteRunner.java:429)
at org.testng.SuiteRunner.runSequentially(SuiteRunner.java:423)
at org.testng.SuiteRunner.privateRun(SuiteRunner.java:383)
at org.testng.SuiteRunner.run(SuiteRunner.java:326)
at org.testng.SuiteRunnerWorker.runSuite(SuiteRunnerWorker.java:52)
at org.testng.SuiteRunnerWorker.run(SuiteRunnerWorker.java:95)
at org.testng.TestNG.runSuitesSequentially(TestNG.java:1249)
at org.testng.TestNG.runSuitesLocally(TestNG.java:1169)
at org.testng.TestNG.runSuites(TestNG.java:1092)
at org.testng.TestNG.run(TestNG.java:1060)
at org.apache.maven.surefire.testng.TestNGExecutor.run(TestNGExecutor.java:283)
at org.apache.maven.surefire.testng.TestNGXmlTestSuite.execute(TestNGXmlTestSuite.java:75)
at org.apache.maven.surefire.testng.TestNGProvider.invoke(TestNGProvider.java:120)
at org.apache.maven.surefire.booter.ForkedBooter.runSuitesInProcess(ForkedBooter.java:377)
at org.apache.maven.surefire.booter.ForkedBooter.execute(ForkedBooter.java:138)
at org.apache.maven.surefire.booter.ForkedBooter.run(ForkedBooter.java:465)
at org.apache.maven.surefire.booter.ForkedBooter.main(ForkedBooter.java:451)
]]>
            </full-stacktrace>
          </exception> <!-- java.lang.AssertionError -->
          <reporter-output>
          </reporter-output>
        </test-method> <!-- startRatingIsDisplayed -->
        <test-method is-config="true" signature="teardown()[pri:0, instance:com.AppMovies.testcases.MyProfilePageTest@bafc754]" started-at="2022-05-13T15:30:39 WEST" name="teardown" finished-at="2022-05-13T15:30:39 WEST" duration-ms="851" status="PASS">
          <reporter-output>
          </reporter-output>
        </test-method> <!-- teardown -->
        <test-method is-config="true" signature="setup(java.lang.reflect.Method,java.lang.String)[pri:0, instance:com.AppMovies.testcases.MyProfilePageTest@bafc754]" started-at="2022-05-13T15:30:39 WEST" name="setup" finished-at="2022-05-13T15:30:42 WEST" duration-ms="2669" status="PASS">
          <params>
            <param index="0">
              <value>
                <![CDATA[public void com.AppMovies.testcases.MyProfilePageTest.titleMovieIsDisplayed()]]>
              </value>
            </param>
            <param index="1">
              <value>
                <![CDATA[Chrome]]>
              </value>
            </param>
          </params>
          <reporter-output>
          </reporter-output>
        </test-method> <!-- setup -->
        <test-method is-config="true" signature="login()[pri:0, instance:com.AppMovies.testcases.MyProfilePageTest@bafc754]" started-at="2022-05-13T15:30:42 WEST" name="login" finished-at="2022-05-13T15:30:44 WEST" duration-ms="1382" status="PASS">
          <reporter-output>
          </reporter-output>
        </test-method> <!-- login -->
        <test-method signature="titleMovieIsDisplayed()[pri:0, instance:com.AppMovies.testcases.MyProfilePageTest@bafc754]" started-at="2022-05-13T15:30:44 WEST" name="titleMovieIsDisplayed" finished-at="2022-05-13T15:30:45 WEST" duration-ms="995" status="PASS">
          <reporter-output>
          </reporter-output>
        </test-method> <!-- titleMovieIsDisplayed -->
        <test-method is-config="true" signature="teardown()[pri:0, instance:com.AppMovies.testcases.MyProfilePageTest@bafc754]" started-at="2022-05-13T15:30:45 WEST" name="teardown" finished-at="2022-05-13T15:30:46 WEST" duration-ms="837" status="PASS">
          <reporter-output>
          </reporter-output>
        </test-method> <!-- teardown -->
        <test-method is-config="true" signature="setup(java.lang.reflect.Method,java.lang.String)[pri:0, instance:com.AppMovies.testcases.MyProfilePageTest@bafc754]" started-at="2022-05-13T15:30:46 WEST" name="setup" finished-at="2022-05-13T15:30:49 WEST" duration-ms="2886" status="PASS">
          <params>
            <param index="0">
              <value>
                <![CDATA[public void com.AppMovies.testcases.MyProfilePageTest.updateUserRating() throws java.lang.Exception]]>
              </value>
            </param>
            <param index="1">
              <value>
                <![CDATA[Chrome]]>
              </value>
            </param>
          </params>
          <reporter-output>
          </reporter-output>
        </test-method> <!-- setup -->
        <test-method is-config="true" signature="login()[pri:0, instance:com.AppMovies.testcases.MyProfilePageTest@bafc754]" started-at="2022-05-13T15:30:49 WEST" name="login" finished-at="2022-05-13T15:30:50 WEST" duration-ms="1461" status="PASS">
          <reporter-output>
          </reporter-output>
        </test-method> <!-- login -->
        <test-method signature="updateUserRating()[pri:0, instance:com.AppMovies.testcases.MyProfilePageTest@bafc754]" started-at="2022-05-13T15:30:50 WEST" name="updateUserRating" finished-at="2022-05-13T15:31:06 WEST" duration-ms="16073" status="FAIL">
          <exception class="org.openqa.selenium.NoSuchElementException">
            <message>
              <![CDATA[no such element: Unable to locate element: {"method":"css selector","selector":".mat\-card\-title"}
  (Session info: chrome=101.0.4951.54)
For documentation on this error, please visit: https://www.seleniumhq.org/exceptions/no_such_element.html
Build info: version: '3.141.59', revision: 'e82be7d358', time: '2018-11-14T08:17:03'
System info: host: 'RAB66FVSG3', ip: '192.168.1.116', os.name: 'Windows 10', os.arch: 'amd64', os.version: '10.0', java.version: '11.0.13'
Driver info: org.openqa.selenium.chrome.ChromeDriver
Capabilities {acceptInsecureCerts: false, browserName: chrome, browserVersion: 101.0.4951.54, chrome: {chromedriverVersion: 101.0.4951.41 (93c720db8323..., userDataDir: C:\Users\MRHARN~1\AppData\L...}, goog:chromeOptions: {debuggerAddress: localhost:59100}, javascriptEnabled: true, networkConnectionEnabled: false, pageLoadStrategy: normal, platform: WINDOWS, platformName: WINDOWS, proxy: Proxy(), setWindowRect: true, strictFileInteractability: false, timeouts: {implicit: 0, pageLoad: 300000, script: 30000}, unhandledPromptBehavior: dismiss and notify, webauthn:extension:credBlob: true, webauthn:extension:largeBlob: true, webauthn:virtualAuthenticators: true}
Session ID: 50b63dfdfc1e631e9bb3c63b3fc8706e
*** Element info: {Using=class name, value=mat-card-title}]]>
            </message>
            <full-stacktrace>
              <![CDATA[org.openqa.selenium.NoSuchElementException: no such element: Unable to locate element: {"method":"css selector","selector":".mat\-card\-title"}
  (Session info: chrome=101.0.4951.54)
For documentation on this error, please visit: https://www.seleniumhq.org/exceptions/no_such_element.html
Build info: version: '3.141.59', revision: 'e82be7d358', time: '2018-11-14T08:17:03'
System info: host: 'RAB66FVSG3', ip: '192.168.1.116', os.name: 'Windows 10', os.arch: 'amd64', os.version: '10.0', java.version: '11.0.13'
Driver info: org.openqa.selenium.chrome.ChromeDriver
Capabilities {acceptInsecureCerts: false, browserName: chrome, browserVersion: 101.0.4951.54, chrome: {chromedriverVersion: 101.0.4951.41 (93c720db8323..., userDataDir: C:\Users\MRHARN~1\AppData\L...}, goog:chromeOptions: {debuggerAddress: localhost:59100}, javascriptEnabled: true, networkConnectionEnabled: false, pageLoadStrategy: normal, platform: WINDOWS, platformName: WINDOWS, proxy: Proxy(), setWindowRect: true, strictFileInteractability: false, timeouts: {implicit: 0, pageLoad: 300000, script: 30000}, unhandledPromptBehavior: dismiss and notify, webauthn:extension:credBlob: true, webauthn:extension:largeBlob: true, webauthn:virtualAuthenticators: true}
Session ID: 50b63dfdfc1e631e9bb3c63b3fc8706e
*** Element info: {Using=class name, value=mat-card-title}
at java.base/jdk.internal.reflect.NativeConstructorAccessorImpl.newInstance0(Native Method)
at java.base/jdk.internal.reflect.NativeConstructorAccessorImpl.newInstance(NativeConstructorAccessorImpl.java:62)
at java.base/jdk.internal.reflect.DelegatingConstructorAccessorImpl.newInstance(DelegatingConstructorAccessorImpl.java:45)
at java.base/java.lang.reflect.Constructor.newInstance(Constructor.java:490)
at org.openqa.selenium.remote.http.W3CHttpResponseCodec.createException(W3CHttpResponseCodec.java:187)
at org.openqa.selenium.remote.http.W3CHttpResponseCodec.decode(W3CHttpResponseCodec.java:122)
at org.openqa.selenium.remote.http.W3CHttpResponseCodec.decode(W3CHttpResponseCodec.java:49)
at org.openqa.selenium.remote.HttpCommandExecutor.execute(HttpCommandExecutor.java:158)
at org.openqa.selenium.remote.service.DriverCommandExecutor.execute(DriverCommandExecutor.java:83)
at org.openqa.selenium.remote.RemoteWebDriver.execute(RemoteWebDriver.java:552)
at org.openqa.selenium.remote.RemoteWebDriver.findElement(RemoteWebDriver.java:323)
at org.openqa.selenium.remote.RemoteWebDriver.findElementByClassName(RemoteWebDriver.java:412)
at org.openqa.selenium.By$ByClassName.findElement(By.java:389)
at org.openqa.selenium.remote.RemoteWebDriver.findElement(RemoteWebDriver.java:315)
at org.openqa.selenium.support.pagefactory.DefaultElementLocator.findElement(DefaultElementLocator.java:69)
at org.openqa.selenium.support.pagefactory.internal.LocatingElementHandler.invoke(LocatingElementHandler.java:38)
at com.sun.proxy.$Proxy12.getText(Unknown Source)
at com.AppMovies.pageobjects.MoviesPage.searchMovieAndClick(MoviesPage.java:81)
at com.AppMovies.testcases.MyProfilePageTest.updateUserRating(MyProfilePageTest.java:104)
at java.base/jdk.internal.reflect.NativeMethodAccessorImpl.invoke0(Native Method)
at java.base/jdk.internal.reflect.NativeMethodAccessorImpl.invoke(NativeMethodAccessorImpl.java:62)
at java.base/jdk.internal.reflect.DelegatingMethodAccessorImpl.invoke(DelegatingMethodAccessorImpl.java:43)
at java.base/java.lang.reflect.Method.invoke(Method.java:566)
at org.testng.internal.invokers.MethodInvocationHelper.invokeMethod(MethodInvocationHelper.java:135)
at org.testng.internal.invokers.TestInvoker.invokeMethod(TestInvoker.java:673)
at org.testng.internal.invokers.TestInvoker.invokeTestMethod(TestInvoker.java:220)
at org.testng.internal.invokers.MethodRunner.runInSequence(MethodRunner.java:50)
at org.testng.internal.invokers.TestInvoker$MethodInvocationAgent.invoke(TestInvoker.java:945)
at org.testng.internal.invokers.TestInvoker.invokeTestMethods(TestInvoker.java:193)
at org.testng.internal.invokers.TestMethodWorker.invokeTestMethods(TestMethodWorker.java:146)
at org.testng.internal.invokers.TestMethodWorker.run(TestMethodWorker.java:128)
at java.base/java.util.ArrayList.forEach(ArrayList.java:1541)
at org.testng.TestRunner.privateRun(TestRunner.java:808)
at org.testng.TestRunner.run(TestRunner.java:603)
at org.testng.SuiteRunner.runTest(SuiteRunner.java:429)
at org.testng.SuiteRunner.runSequentially(SuiteRunner.java:423)
at org.testng.SuiteRunner.privateRun(SuiteRunner.java:383)
at org.testng.SuiteRunner.run(SuiteRunner.java:326)
at org.testng.SuiteRunnerWorker.runSuite(SuiteRunnerWorker.java:52)
at org.testng.SuiteRunnerWorker.run(SuiteRunnerWorker.java:95)
at org.testng.TestNG.runSuitesSequentially(TestNG.java:1249)
at org.testng.TestNG.runSuitesLocally(TestNG.java:1169)
at org.testng.TestNG.runSuites(TestNG.java:1092)
at org.testng.TestNG.run(TestNG.java:1060)
at org.apache.maven.surefire.testng.TestNGExecutor.run(TestNGExecutor.java:283)
at org.apache.maven.surefire.testng.TestNGXmlTestSuite.execute(TestNGXmlTestSuite.java:75)
at org.apache.maven.surefire.testng.TestNGProvider.invoke(TestNGProvider.java:120)
at org.apache.maven.surefire.booter.ForkedBooter.runSuitesInProcess(ForkedBooter.java:377)
at org.apache.maven.surefire.booter.ForkedBooter.execute(ForkedBooter.java:138)
at org.apache.maven.surefire.booter.ForkedBooter.run(ForkedBooter.java:465)
at org.apache.maven.surefire.booter.ForkedBooter.main(ForkedBooter.java:451)
]]>
            </full-stacktrace>
          </exception> <!-- org.openqa.selenium.NoSuchElementException -->
          <reporter-output>
          </reporter-output>
        </test-method> <!-- updateUserRating -->
        <test-method is-config="true" signature="teardown()[pri:0, instance:com.AppMovies.testcases.MyProfilePageTest@bafc754]" started-at="2022-05-13T15:31:06 WEST" name="teardown" finished-at="2022-05-13T15:31:07 WEST" duration-ms="931" status="PASS">
          <reporter-output>
          </reporter-output>
        </test-method> <!-- teardown -->
        <test-method is-config="true" signature="setup(java.lang.reflect.Method,java.lang.String)[pri:0, instance:com.AppMovies.testcases.MyProfilePageTest@bafc754]" started-at="2022-05-13T15:31:07 WEST" name="setup" finished-at="2022-05-13T15:31:10 WEST" duration-ms="2963" status="PASS">
          <params>
            <param index="0">
              <value>
                <![CDATA[public void com.AppMovies.testcases.MyProfilePageTest.userRatingIsDisplayed()]]>
              </value>
            </param>
            <param index="1">
              <value>
                <![CDATA[Chrome]]>
              </value>
            </param>
          </params>
          <reporter-output>
          </reporter-output>
        </test-method> <!-- setup -->
        <test-method is-config="true" signature="login()[pri:0, instance:com.AppMovies.testcases.MyProfilePageTest@bafc754]" started-at="2022-05-13T15:31:10 WEST" name="login" finished-at="2022-05-13T15:31:11 WEST" duration-ms="1315" status="PASS">
          <reporter-output>
          </reporter-output>
        </test-method> <!-- login -->
        <test-method signature="userRatingIsDisplayed()[pri:0, instance:com.AppMovies.testcases.MyProfilePageTest@bafc754]" started-at="2022-05-13T15:31:11 WEST" name="userRatingIsDisplayed" finished-at="2022-05-13T15:31:12 WEST" duration-ms="999" status="PASS">
          <reporter-output>
          </reporter-output>
        </test-method> <!-- userRatingIsDisplayed -->
        <test-method is-config="true" signature="teardown()[pri:0, instance:com.AppMovies.testcases.MyProfilePageTest@bafc754]" started-at="2022-05-13T15:31:13 WEST" name="teardown" finished-at="2022-05-13T15:31:14 WEST" duration-ms="880" status="PASS">
          <reporter-output>
          </reporter-output>
        </test-method> <!-- teardown -->
      </class> <!-- com.AppMovies.testcases.MyProfilePageTest -->
      <class name="com.AppMovies.testcases.RegisterPageTest">
        <test-method is-config="true" signature="setup(java.lang.reflect.Method,java.lang.String)[pri:0, instance:com.AppMovies.testcases.RegisterPageTest@4c5e123d]" started-at="2022-05-13T15:27:17 WEST" name="setup" finished-at="2022-05-13T15:27:20 WEST" duration-ms="2911" status="PASS">
          <params>
            <param index="0">
              <value>
                <![CDATA[public void com.AppMovies.testcases.RegisterPageTest.InvaliedRegister() throws java.lang.InterruptedException]]>
              </value>
            </param>
            <param index="1">
              <value>
                <![CDATA[Chrome]]>
              </value>
            </param>
          </params>
          <reporter-output>
          </reporter-output>
        </test-method> <!-- setup -->
        <test-method signature="InvaliedRegister()[pri:0, instance:com.AppMovies.testcases.RegisterPageTest@4c5e123d]" started-at="2022-05-13T15:27:20 WEST" name="InvaliedRegister" finished-at="2022-05-13T15:27:23 WEST" duration-ms="3125" status="PASS">
          <reporter-output>
          </reporter-output>
        </test-method> <!-- InvaliedRegister -->
        <test-method is-config="true" signature="teardown()[pri:0, instance:com.AppMovies.testcases.RegisterPageTest@4c5e123d]" started-at="2022-05-13T15:27:24 WEST" name="teardown" finished-at="2022-05-13T15:27:25 WEST" duration-ms="988" status="PASS">
          <reporter-output>
          </reporter-output>
        </test-method> <!-- teardown -->
        <test-method is-config="true" signature="setup(java.lang.reflect.Method,java.lang.String)[pri:0, instance:com.AppMovies.testcases.RegisterPageTest@4c5e123d]" started-at="2022-05-13T15:27:25 WEST" name="setup" finished-at="2022-05-13T15:27:28 WEST" duration-ms="3025" status="PASS">
          <params>
            <param index="0">
              <value>
                <![CDATA[public void com.AppMovies.testcases.RegisterPageTest.addUser() throws java.lang.InterruptedException]]>
              </value>
            </param>
            <param index="1">
              <value>
                <![CDATA[Chrome]]>
              </value>
            </param>
          </params>
          <reporter-output>
          </reporter-output>
        </test-method> <!-- setup -->
        <test-method signature="addUser()[pri:0, instance:com.AppMovies.testcases.RegisterPageTest@4c5e123d]" started-at="2022-05-13T15:27:28 WEST" name="addUser" finished-at="2022-05-13T15:27:31 WEST" duration-ms="3095" status="PASS">
          <reporter-output>
          </reporter-output>
        </test-method> <!-- addUser -->
        <test-method is-config="true" signature="teardown()[pri:0, instance:com.AppMovies.testcases.RegisterPageTest@4c5e123d]" started-at="2022-05-13T15:27:32 WEST" name="teardown" finished-at="2022-05-13T15:27:33 WEST" duration-ms="1103" status="PASS">
          <reporter-output>
          </reporter-output>
        </test-method> <!-- teardown -->
        <test-method is-config="true" signature="setup(java.lang.reflect.Method,java.lang.String)[pri:0, instance:com.AppMovies.testcases.RegisterPageTest@4c5e123d]" started-at="2022-05-13T15:27:33 WEST" name="setup" finished-at="2022-05-13T15:27:36 WEST" duration-ms="2857" status="PASS">
          <params>
            <param index="0">
              <value>
                <![CDATA[public void com.AppMovies.testcases.RegisterPageTest.confirmPassword() throws java.lang.InterruptedException]]>
              </value>
            </param>
            <param index="1">
              <value>
                <![CDATA[Chrome]]>
              </value>
            </param>
          </params>
          <reporter-output>
          </reporter-output>
        </test-method> <!-- setup -->
        <test-method signature="confirmPassword()[pri:0, instance:com.AppMovies.testcases.RegisterPageTest@4c5e123d]" started-at="2022-05-13T15:27:36 WEST" name="confirmPassword" finished-at="2022-05-13T15:27:39 WEST" duration-ms="3014" status="PASS">
          <reporter-output>
          </reporter-output>
        </test-method> <!-- confirmPassword -->
        <test-method is-config="true" signature="teardown()[pri:0, instance:com.AppMovies.testcases.RegisterPageTest@4c5e123d]" started-at="2022-05-13T15:27:39 WEST" name="teardown" finished-at="2022-05-13T15:27:40 WEST" duration-ms="1068" status="PASS">
          <reporter-output>
          </reporter-output>
        </test-method> <!-- teardown -->
        <test-method is-config="true" signature="setup(java.lang.reflect.Method,java.lang.String)[pri:0, instance:com.AppMovies.testcases.RegisterPageTest@4c5e123d]" started-at="2022-05-13T15:27:40 WEST" name="setup" finished-at="2022-05-13T15:27:43 WEST" duration-ms="2809" status="PASS">
          <params>
            <param index="0">
              <value>
                <![CDATA[public void com.AppMovies.testcases.RegisterPageTest.goToLogin()]]>
              </value>
            </param>
            <param index="1">
              <value>
                <![CDATA[Chrome]]>
              </value>
            </param>
          </params>
          <reporter-output>
          </reporter-output>
        </test-method> <!-- setup -->
        <test-method signature="goToLogin()[pri:0, instance:com.AppMovies.testcases.RegisterPageTest@4c5e123d]" started-at="2022-05-13T15:27:43 WEST" name="goToLogin" finished-at="2022-05-13T15:27:44 WEST" duration-ms="632" status="PASS">
          <reporter-output>
          </reporter-output>
        </test-method> <!-- goToLogin -->
        <test-method is-config="true" signature="teardown()[pri:0, instance:com.AppMovies.testcases.RegisterPageTest@4c5e123d]" started-at="2022-05-13T15:27:44 WEST" name="teardown" finished-at="2022-05-13T15:27:45 WEST" duration-ms="954" status="PASS">
          <reporter-output>
          </reporter-output>
        </test-method> <!-- teardown -->
      </class> <!-- com.AppMovies.testcases.RegisterPageTest -->
      <class name="com.AppMovies.testcases.LoginPageTest">
        <test-method is-config="true" signature="loadConfig()[pri:0, instance:com.AppMovies.testcases.LoginPageTest@21282ed8]" started-at="2022-05-13T15:26:53 WEST" name="loadConfig" finished-at="2022-05-13T15:26:53 WEST" duration-ms="118" status="PASS">
          <reporter-output>
          </reporter-output>
        </test-method> <!-- loadConfig -->
        <test-method is-config="true" signature="setup(java.lang.reflect.Method,java.lang.String)[pri:0, instance:com.AppMovies.testcases.LoginPageTest@21282ed8]" started-at="2022-05-13T15:26:53 WEST" name="setup" finished-at="2022-05-13T15:26:56 WEST" duration-ms="3393" status="PASS">
          <params>
            <param index="0">
              <value>
                <![CDATA[public void com.AppMovies.testcases.LoginPageTest.emptyLogin()]]>
              </value>
            </param>
            <param index="1">
              <value>
                <![CDATA[Chrome]]>
              </value>
            </param>
          </params>
          <reporter-output>
          </reporter-output>
        </test-method> <!-- setup -->
        <test-method signature="emptyLogin()[pri:0, instance:com.AppMovies.testcases.LoginPageTest@21282ed8]" started-at="2022-05-13T15:26:56 WEST" name="emptyLogin" finished-at="2022-05-13T15:26:57 WEST" duration-ms="316" status="PASS">
          <reporter-output>
          </reporter-output>
        </test-method> <!-- emptyLogin -->
        <test-method is-config="true" signature="teardown()[pri:0, instance:com.AppMovies.testcases.LoginPageTest@21282ed8]" started-at="2022-05-13T15:26:57 WEST" name="teardown" finished-at="2022-05-13T15:26:58 WEST" duration-ms="902" status="PASS">
          <reporter-output>
          </reporter-output>
        </test-method> <!-- teardown -->
        <test-method is-config="true" signature="setup(java.lang.reflect.Method,java.lang.String)[pri:0, instance:com.AppMovies.testcases.LoginPageTest@21282ed8]" started-at="2022-05-13T15:26:58 WEST" name="setup" finished-at="2022-05-13T15:27:01 WEST" duration-ms="2875" status="PASS">
          <params>
            <param index="0">
              <value>
                <![CDATA[public void com.AppMovies.testcases.LoginPageTest.invalidEnter() throws java.lang.InterruptedException]]>
              </value>
            </param>
            <param index="1">
              <value>
                <![CDATA[Chrome]]>
              </value>
            </param>
          </params>
          <reporter-output>
          </reporter-output>
        </test-method> <!-- setup -->
        <test-method signature="invalidEnter()[pri:0, instance:com.AppMovies.testcases.LoginPageTest@21282ed8]" started-at="2022-05-13T15:27:01 WEST" name="invalidEnter" finished-at="2022-05-13T15:27:02 WEST" duration-ms="1403" status="PASS">
          <reporter-output>
          </reporter-output>
        </test-method> <!-- invalidEnter -->
        <test-method is-config="true" signature="teardown()[pri:0, instance:com.AppMovies.testcases.LoginPageTest@21282ed8]" started-at="2022-05-13T15:27:03 WEST" name="teardown" finished-at="2022-05-13T15:27:04 WEST" duration-ms="898" status="PASS">
          <reporter-output>
          </reporter-output>
        </test-method> <!-- teardown -->
        <test-method is-config="true" signature="setup(java.lang.reflect.Method,java.lang.String)[pri:0, instance:com.AppMovies.testcases.LoginPageTest@21282ed8]" started-at="2022-05-13T15:27:04 WEST" name="setup" finished-at="2022-05-13T15:27:06 WEST" duration-ms="2747" status="PASS">
          <params>
            <param index="0">
              <value>
                <![CDATA[public void com.AppMovies.testcases.LoginPageTest.login() throws java.lang.InterruptedException]]>
              </value>
            </param>
            <param index="1">
              <value>
                <![CDATA[Chrome]]>
              </value>
            </param>
          </params>
          <reporter-output>
          </reporter-output>
        </test-method> <!-- setup -->
        <test-method signature="login()[pri:0, instance:com.AppMovies.testcases.LoginPageTest@21282ed8]" started-at="2022-05-13T15:27:06 WEST" name="login" finished-at="2022-05-13T15:27:08 WEST" duration-ms="1542" status="PASS">
          <reporter-output>
          </reporter-output>
        </test-method> <!-- login -->
        <test-method is-config="true" signature="teardown()[pri:0, instance:com.AppMovies.testcases.LoginPageTest@21282ed8]" started-at="2022-05-13T15:27:08 WEST" name="teardown" finished-at="2022-05-13T15:27:09 WEST" duration-ms="892" status="PASS">
          <reporter-output>
          </reporter-output>
        </test-method> <!-- teardown -->
        <test-method is-config="true" signature="setup(java.lang.reflect.Method,java.lang.String)[pri:0, instance:com.AppMovies.testcases.LoginPageTest@21282ed8]" started-at="2022-05-13T15:27:09 WEST" name="setup" finished-at="2022-05-13T15:27:12 WEST" duration-ms="2811" status="PASS">
          <params>
            <param index="0">
              <value>
                <![CDATA[public void com.AppMovies.testcases.LoginPageTest.loginTextDisplayed()]]>
              </value>
            </param>
            <param index="1">
              <value>
                <![CDATA[Chrome]]>
              </value>
            </param>
          </params>
          <reporter-output>
          </reporter-output>
        </test-method> <!-- setup -->
        <test-method signature="loginTextDisplayed()[pri:0, instance:com.AppMovies.testcases.LoginPageTest@21282ed8]" started-at="2022-05-13T15:27:12 WEST" name="loginTextDisplayed" finished-at="2022-05-13T15:27:12 WEST" duration-ms="193" status="PASS">
          <reporter-output>
          </reporter-output>
        </test-method> <!-- loginTextDisplayed -->
        <test-method is-config="true" signature="teardown()[pri:0, instance:com.AppMovies.testcases.LoginPageTest@21282ed8]" started-at="2022-05-13T15:27:12 WEST" name="teardown" finished-at="2022-05-13T15:27:13 WEST" duration-ms="780" status="PASS">
          <reporter-output>
          </reporter-output>
        </test-method> <!-- teardown -->
        <test-method is-config="true" signature="setup(java.lang.reflect.Method,java.lang.String)[pri:0, instance:com.AppMovies.testcases.LoginPageTest@21282ed8]" started-at="2022-05-13T15:27:13 WEST" name="setup" finished-at="2022-05-13T15:27:16 WEST" duration-ms="2925" status="PASS">
          <params>
            <param index="0">
              <value>
                <![CDATA[public void com.AppMovies.testcases.LoginPageTest.toRegister()]]>
              </value>
            </param>
            <param index="1">
              <value>
                <![CDATA[Chrome]]>
              </value>
            </param>
          </params>
          <reporter-output>
          </reporter-output>
        </test-method> <!-- setup -->
        <test-method signature="toRegister()[pri:0, instance:com.AppMovies.testcases.LoginPageTest@21282ed8]" started-at="2022-05-13T15:27:16 WEST" name="toRegister" finished-at="2022-05-13T15:27:16 WEST" duration-ms="454" status="PASS">
          <reporter-output>
          </reporter-output>
        </test-method> <!-- toRegister -->
        <test-method is-config="true" signature="teardown()[pri:0, instance:com.AppMovies.testcases.LoginPageTest@21282ed8]" started-at="2022-05-13T15:27:17 WEST" name="teardown" finished-at="2022-05-13T15:27:17 WEST" duration-ms="774" status="PASS">
          <reporter-output>
          </reporter-output>
        </test-method> <!-- teardown -->
        <test-method is-config="true" signature="afterSuite()[pri:0, instance:com.AppMovies.testcases.LoginPageTest@21282ed8]" started-at="2022-05-13T15:31:14 WEST" name="afterSuite" finished-at="2022-05-13T15:31:14 WEST" duration-ms="660" status="PASS">
          <reporter-output>
          </reporter-output>
        </test-method> <!-- afterSuite -->
      </class> <!-- com.AppMovies.testcases.LoginPageTest -->
      <class name="com.AppMovies.testcases.MoviesPageTest">
        <test-method is-config="true" signature="setup(java.lang.reflect.Method,java.lang.String)[pri:0, instance:com.AppMovies.testcases.MoviesPageTest@69542112]" started-at="2022-05-13T15:27:45 WEST" name="setup" finished-at="2022-05-13T15:27:48 WEST" duration-ms="2955" status="PASS">
          <params>
            <param index="0">
              <value>
                <![CDATA[public void com.AppMovies.testcases.MoviesPageTest.clickOnMovieCard()]]>
              </value>
            </param>
            <param index="1">
              <value>
                <![CDATA[Chrome]]>
              </value>
            </param>
          </params>
          <reporter-output>
          </reporter-output>
        </test-method> <!-- setup -->
        <test-method is-config="true" signature="login()[pri:0, instance:com.AppMovies.testcases.MoviesPageTest@69542112]" started-at="2022-05-13T15:27:48 WEST" name="login" finished-at="2022-05-13T15:27:50 WEST" duration-ms="1483" status="PASS">
          <reporter-output>
          </reporter-output>
        </test-method> <!-- login -->
        <test-method signature="clickOnMovieCard()[pri:0, instance:com.AppMovies.testcases.MoviesPageTest@69542112]" started-at="2022-05-13T15:27:50 WEST" name="clickOnMovieCard" finished-at="2022-05-13T15:27:51 WEST" duration-ms="1341" status="PASS">
          <reporter-output>
          </reporter-output>
        </test-method> <!-- clickOnMovieCard -->
        <test-method is-config="true" signature="teardown()[pri:0, instance:com.AppMovies.testcases.MoviesPageTest@69542112]" started-at="2022-05-13T15:27:51 WEST" name="teardown" finished-at="2022-05-13T15:27:52 WEST" duration-ms="908" status="PASS">
          <reporter-output>
          </reporter-output>
        </test-method> <!-- teardown -->
        <test-method is-config="true" signature="setup(java.lang.reflect.Method,java.lang.String)[pri:0, instance:com.AppMovies.testcases.MoviesPageTest@69542112]" started-at="2022-05-13T15:27:52 WEST" name="setup" finished-at="2022-05-13T15:27:55 WEST" duration-ms="3040" status="PASS">
          <params>
            <param index="0">
              <value>
                <![CDATA[public void com.AppMovies.testcases.MoviesPageTest.imageCardMovieIsDispalyed()]]>
              </value>
            </param>
            <param index="1">
              <value>
                <![CDATA[Chrome]]>
              </value>
            </param>
          </params>
          <reporter-output>
          </reporter-output>
        </test-method> <!-- setup -->
        <test-method is-config="true" signature="login()[pri:0, instance:com.AppMovies.testcases.MoviesPageTest@69542112]" started-at="2022-05-13T15:27:55 WEST" name="login" finished-at="2022-05-13T15:27:57 WEST" duration-ms="1420" status="PASS">
          <reporter-output>
          </reporter-output>
        </test-method> <!-- login -->
        <test-method signature="imageCardMovieIsDispalyed()[pri:0, instance:com.AppMovies.testcases.MoviesPageTest@69542112]" started-at="2022-05-13T15:27:57 WEST" name="imageCardMovieIsDispalyed" finished-at="2022-05-13T15:28:00 WEST" duration-ms="3619" status="PASS">
          <reporter-output>
          </reporter-output>
        </test-method> <!-- imageCardMovieIsDispalyed -->
        <test-method is-config="true" signature="teardown()[pri:0, instance:com.AppMovies.testcases.MoviesPageTest@69542112]" started-at="2022-05-13T15:28:01 WEST" name="teardown" finished-at="2022-05-13T15:28:02 WEST" duration-ms="971" status="PASS">
          <reporter-output>
          </reporter-output>
        </test-method> <!-- teardown -->
        <test-method is-config="true" signature="setup(java.lang.reflect.Method,java.lang.String)[pri:0, instance:com.AppMovies.testcases.MoviesPageTest@69542112]" started-at="2022-05-13T15:28:02 WEST" name="setup" finished-at="2022-05-13T15:28:05 WEST" duration-ms="2761" status="PASS">
          <params>
            <param index="0">
              <value>
                <![CDATA[public void com.AppMovies.testcases.MoviesPageTest.movieCardIsDisplayed()]]>
              </value>
            </param>
            <param index="1">
              <value>
                <![CDATA[Chrome]]>
              </value>
            </param>
          </params>
          <reporter-output>
          </reporter-output>
        </test-method> <!-- setup -->
        <test-method is-config="true" signature="login()[pri:0, instance:com.AppMovies.testcases.MoviesPageTest@69542112]" started-at="2022-05-13T15:28:05 WEST" name="login" finished-at="2022-05-13T15:28:06 WEST" duration-ms="1502" status="PASS">
          <reporter-output>
          </reporter-output>
        </test-method> <!-- login -->
        <test-method signature="movieCardIsDisplayed()[pri:0, instance:com.AppMovies.testcases.MoviesPageTest@69542112]" started-at="2022-05-13T15:28:06 WEST" name="movieCardIsDisplayed" finished-at="2022-05-13T15:28:07 WEST" duration-ms="1283" status="PASS">
          <reporter-output>
          </reporter-output>
        </test-method> <!-- movieCardIsDisplayed -->
        <test-method is-config="true" signature="teardown()[pri:0, instance:com.AppMovies.testcases.MoviesPageTest@69542112]" started-at="2022-05-13T15:28:08 WEST" name="teardown" finished-at="2022-05-13T15:28:09 WEST" duration-ms="977" status="PASS">
          <reporter-output>
          </reporter-output>
        </test-method> <!-- teardown -->
        <test-method is-config="true" signature="setup(java.lang.reflect.Method,java.lang.String)[pri:0, instance:com.AppMovies.testcases.MoviesPageTest@69542112]" started-at="2022-05-13T15:28:09 WEST" name="setup" finished-at="2022-05-13T15:28:11 WEST" duration-ms="2552" status="PASS">
          <params>
            <param index="0">
              <value>
                <![CDATA[public void com.AppMovies.testcases.MoviesPageTest.officialRatingMovieIsDispalyed()]]>
              </value>
            </param>
            <param index="1">
              <value>
                <![CDATA[Chrome]]>
              </value>
            </param>
          </params>
          <reporter-output>
          </reporter-output>
        </test-method> <!-- setup -->
        <test-method is-config="true" signature="login()[pri:0, instance:com.AppMovies.testcases.MoviesPageTest@69542112]" started-at="2022-05-13T15:28:11 WEST" name="login" finished-at="2022-05-13T15:28:13 WEST" duration-ms="1481" status="PASS">
          <reporter-output>
          </reporter-output>
        </test-method> <!-- login -->
        <test-method signature="officialRatingMovieIsDispalyed()[pri:0, instance:com.AppMovies.testcases.MoviesPageTest@69542112]" started-at="2022-05-13T15:28:13 WEST" name="officialRatingMovieIsDispalyed" finished-at="2022-05-13T15:28:14 WEST" duration-ms="1316" status="PASS">
          <reporter-output>
          </reporter-output>
        </test-method> <!-- officialRatingMovieIsDispalyed -->
        <test-method is-config="true" signature="teardown()[pri:0, instance:com.AppMovies.testcases.MoviesPageTest@69542112]" started-at="2022-05-13T15:28:14 WEST" name="teardown" finished-at="2022-05-13T15:28:15 WEST" duration-ms="982" status="PASS">
          <reporter-output>
          </reporter-output>
        </test-method> <!-- teardown -->
        <test-method is-config="true" signature="setup(java.lang.reflect.Method,java.lang.String)[pri:0, instance:com.AppMovies.testcases.MoviesPageTest@69542112]" started-at="2022-05-13T15:28:15 WEST" name="setup" finished-at="2022-05-13T15:28:18 WEST" duration-ms="2933" status="PASS">
          <params>
            <param index="0">
              <value>
                <![CDATA[public void com.AppMovies.testcases.MoviesPageTest.searchAvalaibleMovie()]]>
              </value>
            </param>
            <param index="1">
              <value>
                <![CDATA[Chrome]]>
              </value>
            </param>
          </params>
          <reporter-output>
          </reporter-output>
        </test-method> <!-- setup -->
        <test-method is-config="true" signature="login()[pri:0, instance:com.AppMovies.testcases.MoviesPageTest@69542112]" started-at="2022-05-13T15:28:18 WEST" name="login" finished-at="2022-05-13T15:28:20 WEST" duration-ms="1419" status="PASS">
          <reporter-output>
          </reporter-output>
        </test-method> <!-- login -->
        <test-method signature="searchAvalaibleMovie()[pri:0, instance:com.AppMovies.testcases.MoviesPageTest@69542112]" started-at="2022-05-13T15:28:20 WEST" name="searchAvalaibleMovie" finished-at="2022-05-13T15:28:22 WEST" duration-ms="1830" status="PASS">
          <reporter-output>
          </reporter-output>
        </test-method> <!-- searchAvalaibleMovie -->
        <test-method is-config="true" signature="teardown()[pri:0, instance:com.AppMovies.testcases.MoviesPageTest@69542112]" started-at="2022-05-13T15:28:22 WEST" name="teardown" finished-at="2022-05-13T15:28:23 WEST" duration-ms="932" status="PASS">
          <reporter-output>
          </reporter-output>
        </test-method> <!-- teardown -->
        <test-method is-config="true" signature="setup(java.lang.reflect.Method,java.lang.String)[pri:0, instance:com.AppMovies.testcases.MoviesPageTest@69542112]" started-at="2022-05-13T15:28:23 WEST" name="setup" finished-at="2022-05-13T15:28:26 WEST" duration-ms="2966" status="PASS">
          <params>
            <param index="0">
              <value>
                <![CDATA[public void com.AppMovies.testcases.MoviesPageTest.searchInvalaibleMovie() throws java.lang.InterruptedException]]>
              </value>
            </param>
            <param index="1">
              <value>
                <![CDATA[Chrome]]>
              </value>
            </param>
          </params>
          <reporter-output>
          </reporter-output>
        </test-method> <!-- setup -->
        <test-method is-config="true" signature="login()[pri:0, instance:com.AppMovies.testcases.MoviesPageTest@69542112]" started-at="2022-05-13T15:28:26 WEST" name="login" finished-at="2022-05-13T15:28:27 WEST" duration-ms="1448" status="PASS">
          <reporter-output>
          </reporter-output>
        </test-method> <!-- login -->
        <test-method signature="searchInvalaibleMovie()[pri:0, instance:com.AppMovies.testcases.MoviesPageTest@69542112]" started-at="2022-05-13T15:28:27 WEST" name="searchInvalaibleMovie" finished-at="2022-05-13T15:28:39 WEST" duration-ms="11525" status="PASS">
          <reporter-output>
          </reporter-output>
        </test-method> <!-- searchInvalaibleMovie -->
        <test-method is-config="true" signature="teardown()[pri:0, instance:com.AppMovies.testcases.MoviesPageTest@69542112]" started-at="2022-05-13T15:28:39 WEST" name="teardown" finished-at="2022-05-13T15:28:40 WEST" duration-ms="954" status="PASS">
          <reporter-output>
          </reporter-output>
        </test-method> <!-- teardown -->
        <test-method is-config="true" signature="setup(java.lang.reflect.Method,java.lang.String)[pri:0, instance:com.AppMovies.testcases.MoviesPageTest@69542112]" started-at="2022-05-13T15:28:40 WEST" name="setup" finished-at="2022-05-13T15:28:43 WEST" duration-ms="2851" status="PASS">
          <params>
            <param index="0">
              <value>
                <![CDATA[public void com.AppMovies.testcases.MoviesPageTest.titleCardMovieIsDispalyed()]]>
              </value>
            </param>
            <param index="1">
              <value>
                <![CDATA[Chrome]]>
              </value>
            </param>
          </params>
          <reporter-output>
          </reporter-output>
        </test-method> <!-- setup -->
        <test-method is-config="true" signature="login()[pri:0, instance:com.AppMovies.testcases.MoviesPageTest@69542112]" started-at="2022-05-13T15:28:43 WEST" name="login" finished-at="2022-05-13T15:28:44 WEST" duration-ms="1582" status="PASS">
          <reporter-output>
          </reporter-output>
        </test-method> <!-- login -->
        <test-method signature="titleCardMovieIsDispalyed()[pri:0, instance:com.AppMovies.testcases.MoviesPageTest@69542112]" started-at="2022-05-13T15:28:44 WEST" name="titleCardMovieIsDispalyed" finished-at="2022-05-13T15:28:46 WEST" duration-ms="1292" status="PASS">
          <reporter-output>
          </reporter-output>
        </test-method> <!-- titleCardMovieIsDispalyed -->
        <test-method is-config="true" signature="teardown()[pri:0, instance:com.AppMovies.testcases.MoviesPageTest@69542112]" started-at="2022-05-13T15:28:46 WEST" name="teardown" finished-at="2022-05-13T15:28:47 WEST" duration-ms="839" status="PASS">
          <reporter-output>
          </reporter-output>
        </test-method> <!-- teardown -->
      </class> <!-- com.AppMovies.testcases.MoviesPageTest -->
      <class name="com.AppMovies.testcases.MovieDetailsPageTest">
        <test-method is-config="true" signature="setup(java.lang.reflect.Method,java.lang.String)[pri:0, instance:com.AppMovies.testcases.MovieDetailsPageTest@7305191e]" started-at="2022-05-13T15:28:47 WEST" name="setup" finished-at="2022-05-13T15:28:50 WEST" duration-ms="2758" status="PASS">
          <params>
            <param index="0">
              <value>
                <![CDATA[public void com.AppMovies.testcases.MovieDetailsPageTest.backToAllMovies()]]>
              </value>
            </param>
            <param index="1">
              <value>
                <![CDATA[Chrome]]>
              </value>
            </param>
          </params>
          <reporter-output>
          </reporter-output>
        </test-method> <!-- setup -->
        <test-method is-config="true" signature="login()[pri:0, instance:com.AppMovies.testcases.MovieDetailsPageTest@7305191e]" started-at="2022-05-13T15:28:50 WEST" name="login" finished-at="2022-05-13T15:28:51 WEST" duration-ms="1517" status="PASS">
          <reporter-output>
          </reporter-output>
        </test-method> <!-- login -->
        <test-method signature="backToAllMovies()[pri:0, instance:com.AppMovies.testcases.MovieDetailsPageTest@7305191e]" started-at="2022-05-13T15:28:51 WEST" name="backToAllMovies" finished-at="2022-05-13T15:28:53 WEST" duration-ms="1768" status="PASS">
          <reporter-output>
          </reporter-output>
        </test-method> <!-- backToAllMovies -->
        <test-method is-config="true" signature="teardown()[pri:0, instance:com.AppMovies.testcases.MovieDetailsPageTest@7305191e]" started-at="2022-05-13T15:28:53 WEST" name="teardown" finished-at="2022-05-13T15:28:54 WEST" duration-ms="974" status="PASS">
          <reporter-output>
          </reporter-output>
        </test-method> <!-- teardown -->
        <test-method is-config="true" signature="setup(java.lang.reflect.Method,java.lang.String)[pri:0, instance:com.AppMovies.testcases.MovieDetailsPageTest@7305191e]" started-at="2022-05-13T15:28:54 WEST" name="setup" finished-at="2022-05-13T15:28:57 WEST" duration-ms="2874" status="PASS">
          <params>
            <param index="0">
              <value>
                <![CDATA[public void com.AppMovies.testcases.MovieDetailsPageTest.clickOnRatingBtn() throws java.lang.Exception]]>
              </value>
            </param>
            <param index="1">
              <value>
                <![CDATA[Chrome]]>
              </value>
            </param>
          </params>
          <reporter-output>
          </reporter-output>
        </test-method> <!-- setup -->
        <test-method is-config="true" signature="login()[pri:0, instance:com.AppMovies.testcases.MovieDetailsPageTest@7305191e]" started-at="2022-05-13T15:28:57 WEST" name="login" finished-at="2022-05-13T15:28:58 WEST" duration-ms="1388" status="PASS">
          <reporter-output>
          </reporter-output>
        </test-method> <!-- login -->
        <test-method signature="clickOnRatingBtn()[pri:0, instance:com.AppMovies.testcases.MovieDetailsPageTest@7305191e]" started-at="2022-05-13T15:28:58 WEST" name="clickOnRatingBtn" finished-at="2022-05-13T15:29:00 WEST" duration-ms="1683" status="PASS">
          <reporter-output>
          </reporter-output>
        </test-method> <!-- clickOnRatingBtn -->
        <test-method is-config="true" signature="teardown()[pri:0, instance:com.AppMovies.testcases.MovieDetailsPageTest@7305191e]" started-at="2022-05-13T15:29:01 WEST" name="teardown" finished-at="2022-05-13T15:29:02 WEST" duration-ms="1041" status="PASS">
          <reporter-output>
          </reporter-output>
        </test-method> <!-- teardown -->
        <test-method is-config="true" signature="setup(java.lang.reflect.Method,java.lang.String)[pri:0, instance:com.AppMovies.testcases.MovieDetailsPageTest@7305191e]" started-at="2022-05-13T15:29:02 WEST" name="setup" finished-at="2022-05-13T15:29:05 WEST" duration-ms="3096" status="PASS">
          <params>
            <param index="0">
              <value>
                <![CDATA[public void com.AppMovies.testcases.MovieDetailsPageTest.descDisplayed()]]>
              </value>
            </param>
            <param index="1">
              <value>
                <![CDATA[Chrome]]>
              </value>
            </param>
          </params>
          <reporter-output>
          </reporter-output>
        </test-method> <!-- setup -->
        <test-method is-config="true" signature="login()[pri:0, instance:com.AppMovies.testcases.MovieDetailsPageTest@7305191e]" started-at="2022-05-13T15:29:05 WEST" name="login" finished-at="2022-05-13T15:29:07 WEST" duration-ms="1357" status="PASS">
          <reporter-output>
          </reporter-output>
        </test-method> <!-- login -->
        <test-method signature="descDisplayed()[pri:0, instance:com.AppMovies.testcases.MovieDetailsPageTest@7305191e]" started-at="2022-05-13T15:29:07 WEST" name="descDisplayed" finished-at="2022-05-13T15:29:08 WEST" duration-ms="1268" status="PASS">
          <reporter-output>
          </reporter-output>
        </test-method> <!-- descDisplayed -->
        <test-method is-config="true" signature="teardown()[pri:0, instance:com.AppMovies.testcases.MovieDetailsPageTest@7305191e]" started-at="2022-05-13T15:29:09 WEST" name="teardown" finished-at="2022-05-13T15:29:10 WEST" duration-ms="935" status="PASS">
          <reporter-output>
          </reporter-output>
        </test-method> <!-- teardown -->
        <test-method is-config="true" signature="setup(java.lang.reflect.Method,java.lang.String)[pri:0, instance:com.AppMovies.testcases.MovieDetailsPageTest@7305191e]" started-at="2022-05-13T15:29:10 WEST" name="setup" finished-at="2022-05-13T15:29:13 WEST" duration-ms="3103" status="PASS">
          <params>
            <param index="0">
              <value>
                <![CDATA[public void com.AppMovies.testcases.MovieDetailsPageTest.goToMyProfile()]]>
              </value>
            </param>
            <param index="1">
              <value>
                <![CDATA[Chrome]]>
              </value>
            </param>
          </params>
          <reporter-output>
          </reporter-output>
        </test-method> <!-- setup -->
        <test-method is-config="true" signature="login()[pri:0, instance:com.AppMovies.testcases.MovieDetailsPageTest@7305191e]" started-at="2022-05-13T15:29:13 WEST" name="login" finished-at="2022-05-13T15:29:14 WEST" duration-ms="1481" status="PASS">
          <reporter-output>
          </reporter-output>
        </test-method> <!-- login -->
        <test-method signature="goToMyProfile()[pri:0, instance:com.AppMovies.testcases.MovieDetailsPageTest@7305191e]" started-at="2022-05-13T15:29:14 WEST" name="goToMyProfile" finished-at="2022-05-13T15:29:16 WEST" duration-ms="1773" status="PASS">
          <reporter-output>
          </reporter-output>
        </test-method> <!-- goToMyProfile -->
        <test-method is-config="true" signature="teardown()[pri:0, instance:com.AppMovies.testcases.MovieDetailsPageTest@7305191e]" started-at="2022-05-13T15:29:16 WEST" name="teardown" finished-at="2022-05-13T15:29:17 WEST" duration-ms="936" status="PASS">
          <reporter-output>
          </reporter-output>
        </test-method> <!-- teardown -->
        <test-method is-config="true" signature="setup(java.lang.reflect.Method,java.lang.String)[pri:0, instance:com.AppMovies.testcases.MovieDetailsPageTest@7305191e]" started-at="2022-05-13T15:29:17 WEST" name="setup" finished-at="2022-05-13T15:29:20 WEST" duration-ms="2786" status="PASS">
          <params>
            <param index="0">
              <value>
                <![CDATA[public void com.AppMovies.testcases.MovieDetailsPageTest.inputElementEnabled() throws java.lang.Exception]]>
              </value>
            </param>
            <param index="1">
              <value>
                <![CDATA[Chrome]]>
              </value>
            </param>
          </params>
          <reporter-output>
          </reporter-output>
        </test-method> <!-- setup -->
        <test-method is-config="true" signature="login()[pri:0, instance:com.AppMovies.testcases.MovieDetailsPageTest@7305191e]" started-at="2022-05-13T15:29:20 WEST" name="login" finished-at="2022-05-13T15:29:21 WEST" duration-ms="1385" status="PASS">
          <reporter-output>
          </reporter-output>
        </test-method> <!-- login -->
        <test-method signature="inputElementEnabled()[pri:0, instance:com.AppMovies.testcases.MovieDetailsPageTest@7305191e]" started-at="2022-05-13T15:29:21 WEST" name="inputElementEnabled" finished-at="2022-05-13T15:29:23 WEST" duration-ms="1410" status="PASS">
          <reporter-output>
          </reporter-output>
        </test-method> <!-- inputElementEnabled -->
        <test-method is-config="true" signature="teardown()[pri:0, instance:com.AppMovies.testcases.MovieDetailsPageTest@7305191e]" started-at="2022-05-13T15:29:24 WEST" name="teardown" finished-at="2022-05-13T15:29:25 WEST" duration-ms="937" status="PASS">
          <reporter-output>
          </reporter-output>
        </test-method> <!-- teardown -->
        <test-method is-config="true" signature="setup(java.lang.reflect.Method,java.lang.String)[pri:0, instance:com.AppMovies.testcases.MovieDetailsPageTest@7305191e]" started-at="2022-05-13T15:29:25 WEST" name="setup" finished-at="2022-05-13T15:29:28 WEST" duration-ms="2932" status="PASS">
          <params>
            <param index="0">
              <value>
                <![CDATA[public void com.AppMovies.testcases.MovieDetailsPageTest.sendEmptyRatingorInvalid() throws java.lang.Exception]]>
              </value>
            </param>
            <param index="1">
              <value>
                <![CDATA[Chrome]]>
              </value>
            </param>
          </params>
          <reporter-output>
          </reporter-output>
        </test-method> <!-- setup -->
        <test-method is-config="true" signature="login()[pri:0, instance:com.AppMovies.testcases.MovieDetailsPageTest@7305191e]" started-at="2022-05-13T15:29:28 WEST" name="login" finished-at="2022-05-13T15:29:29 WEST" duration-ms="1335" status="PASS">
          <reporter-output>
          </reporter-output>
        </test-method> <!-- login -->
        <test-method signature="sendEmptyRatingorInvalid()[pri:0, instance:com.AppMovies.testcases.MovieDetailsPageTest@7305191e]" started-at="2022-05-13T15:29:29 WEST" name="sendEmptyRatingorInvalid" finished-at="2022-05-13T15:29:31 WEST" duration-ms="1825" status="PASS">
          <reporter-output>
          </reporter-output>
        </test-method> <!-- sendEmptyRatingorInvalid -->
        <test-method is-config="true" signature="teardown()[pri:0, instance:com.AppMovies.testcases.MovieDetailsPageTest@7305191e]" started-at="2022-05-13T15:29:31 WEST" name="teardown" finished-at="2022-05-13T15:29:32 WEST" duration-ms="907" status="PASS">
          <reporter-output>
          </reporter-output>
        </test-method> <!-- teardown -->
        <test-method is-config="true" signature="setup(java.lang.reflect.Method,java.lang.String)[pri:0, instance:com.AppMovies.testcases.MovieDetailsPageTest@7305191e]" started-at="2022-05-13T15:29:32 WEST" name="setup" finished-at="2022-05-13T15:29:35 WEST" duration-ms="2873" status="PASS">
          <params>
            <param index="0">
              <value>
                <![CDATA[public void com.AppMovies.testcases.MovieDetailsPageTest.sendRatingSucces() throws java.lang.Exception]]>
              </value>
            </param>
            <param index="1">
              <value>
                <![CDATA[Chrome]]>
              </value>
            </param>
          </params>
          <reporter-output>
          </reporter-output>
        </test-method> <!-- setup -->
        <test-method is-config="true" signature="login()[pri:0, instance:com.AppMovies.testcases.MovieDetailsPageTest@7305191e]" started-at="2022-05-13T15:29:35 WEST" name="login" finished-at="2022-05-13T15:29:37 WEST" duration-ms="1513" status="PASS">
          <reporter-output>
          </reporter-output>
        </test-method> <!-- login -->
        <test-method signature="sendRatingSucces()[pri:0, instance:com.AppMovies.testcases.MovieDetailsPageTest@7305191e]" started-at="2022-05-13T15:29:37 WEST" name="sendRatingSucces" finished-at="2022-05-13T15:29:38 WEST" duration-ms="1605" status="PASS">
          <reporter-output>
          </reporter-output>
        </test-method> <!-- sendRatingSucces -->
        <test-method is-config="true" signature="teardown()[pri:0, instance:com.AppMovies.testcases.MovieDetailsPageTest@7305191e]" started-at="2022-05-13T15:29:39 WEST" name="teardown" finished-at="2022-05-13T15:29:40 WEST" duration-ms="837" status="PASS">
          <reporter-output>
          </reporter-output>
        </test-method> <!-- teardown -->
      </class> <!-- com.AppMovies.testcases.MovieDetailsPageTest -->
    </test> <!-- All Test Cases -->
  </suite> <!-- All Test Suite -->
</testng-results>
